Traceback (most recent call last):
  File "/opt/hostedtoolcache/Python/3.10.11/x64/lib/python3.10/site-packages/jupyter_cache/executors/utils.py", line 58, in single_nb_execution
    executenb(
  File "/opt/hostedtoolcache/Python/3.10.11/x64/lib/python3.10/site-packages/nbclient/client.py", line 1305, in execute
    return NotebookClient(nb=nb, resources=resources, km=km, **kwargs).execute()
  File "/opt/hostedtoolcache/Python/3.10.11/x64/lib/python3.10/site-packages/jupyter_core/utils/__init__.py", line 166, in wrapped
    return loop.run_until_complete(inner)
  File "/opt/hostedtoolcache/Python/3.10.11/x64/lib/python3.10/asyncio/base_events.py", line 649, in run_until_complete
    return future.result()
  File "/opt/hostedtoolcache/Python/3.10.11/x64/lib/python3.10/site-packages/nbclient/client.py", line 705, in async_execute
    await self.async_execute_cell(
  File "/opt/hostedtoolcache/Python/3.10.11/x64/lib/python3.10/site-packages/nbclient/client.py", line 1058, in async_execute_cell
    await self._check_raise_for_error(cell, cell_index, exec_reply)
  File "/opt/hostedtoolcache/Python/3.10.11/x64/lib/python3.10/site-packages/nbclient/client.py", line 914, in _check_raise_for_error
    raise CellExecutionError.from_cell_and_msg(cell, exec_reply_content)
nbclient.exceptions.CellExecutionError: An error occurred while executing the following cell:
------------------
from transformers import SegformerForSemanticSegmentation
from transformers import SegformerFeatureExtractor
from transformers import TrainingArguments, Trainer
from torchvision.transforms import ColorJitter, Resize, Compose

import torch
from torch import nn
import evaluate
import datasets
from datasets import Dataset, Features
import numpy as np

import os.path as op
from glob import glob
from pathlib import Path
from PIL import Image
from tqdm.auto import tqdm
import os
------------------

----- stderr -----
/opt/hostedtoolcache/Python/3.10.11/x64/lib/python3.10/site-packages/tqdm/auto.py:21: TqdmWarning: IProgress not found. Please update jupyter and ipywidgets. See https://ipywidgets.readthedocs.io/en/stable/user_install.html
  from .autonotebook import tqdm as notebook_tqdm
None of PyTorch, TensorFlow >= 2.0, or Flax have been found. Models won't be available and only tokenizers, configuration and file/data utilities can be used.
------------------

[0;31m---------------------------------------------------------------------------[0m
[0;31mModuleNotFoundError[0m                       Traceback (most recent call last)
Cell [0;32mIn[3], line 4[0m
[1;32m      2[0m [38;5;28;01mfrom[39;00m [38;5;21;01mtransformers[39;00m [38;5;28;01mimport[39;00m SegformerFeatureExtractor
[1;32m      3[0m [38;5;28;01mfrom[39;00m [38;5;21;01mtransformers[39;00m [38;5;28;01mimport[39;00m TrainingArguments, Trainer
[0;32m----> 4[0m [38;5;28;01mfrom[39;00m [38;5;21;01mtorchvision[39;00m[38;5;21;01m.[39;00m[38;5;21;01mtransforms[39;00m [38;5;28;01mimport[39;00m ColorJitter, Resize, Compose
[1;32m      6[0m [38;5;28;01mimport[39;00m [38;5;21;01mtorch[39;00m
[1;32m      7[0m [38;5;28;01mfrom[39;00m [38;5;21;01mtorch[39;00m [38;5;28;01mimport[39;00m nn

[0;31mModuleNotFoundError[0m: No module named 'torchvision'

